2016-07-22 18:45:29.986  INFO 4576 --- [main] io.swagger.Swagger2SpringBoot            : Starting Swagger2SpringBoot on kaizer with PID 4576 (C:\localapp\PetStore\springboot-server-generated\A\target\classes started by antoine in C:\localapp\PetStore\springboot-server-generated\A)
2016-07-22 18:45:29.988  INFO 4576 --- [main] io.swagger.Swagger2SpringBoot            : No active profile set, falling back to default profiles: default
2016-07-22 18:45:30.150  INFO 4576 --- [main] ationConfigEmbeddedWebApplicationContext : Refreshing org.springframework.boot.context.embedded.AnnotationConfigEmbeddedWebApplicationContext@7920ba90: startup date [Fri Jul 22 18:45:30 CEST 2016]; root of context hierarchy
2016-07-22 18:45:32.963  INFO 4576 --- [main] o.s.b.f.s.DefaultListableBeanFactory     : Overriding bean definition for bean 'beanNameViewResolver' with a different definition: replacing [Root bean: class [null]; scope=; abstract=false; lazyInit=false; autowireMode=3; dependencyCheck=0; autowireCandidate=true; primary=false; factoryBeanName=org.springframework.boot.autoconfigure.web.ErrorMvcAutoConfiguration$WhitelabelErrorViewConfiguration; factoryMethodName=beanNameViewResolver; initMethodName=null; destroyMethodName=(inferred); defined in class path resource [org/springframework/boot/autoconfigure/web/ErrorMvcAutoConfiguration$WhitelabelErrorViewConfiguration.class]] with [Root bean: class [null]; scope=; abstract=false; lazyInit=false; autowireMode=3; dependencyCheck=0; autowireCandidate=true; primary=false; factoryBeanName=org.springframework.boot.autoconfigure.web.WebMvcAutoConfiguration$WebMvcAutoConfigurationAdapter; factoryMethodName=beanNameViewResolver; initMethodName=null; destroyMethodName=(inferred); defined in class path resource [org/springframework/boot/autoconfigure/web/WebMvcAutoConfiguration$WebMvcAutoConfigurationAdapter.class]]
2016-07-22 18:45:33.351  INFO 4576 --- [main] o.s.b.f.s.DefaultListableBeanFactory     : Overriding bean definition for bean 'managementServletContext' with a different definition: replacing [Root bean: class [null]; scope=; abstract=false; lazyInit=false; autowireMode=3; dependencyCheck=0; autowireCandidate=true; primary=false; factoryBeanName=org.springframework.boot.actuate.autoconfigure.EndpointWebMvcHypermediaManagementContextConfiguration; factoryMethodName=managementServletContext; initMethodName=null; destroyMethodName=(inferred); defined in class path resource [org/springframework/boot/actuate/autoconfigure/EndpointWebMvcHypermediaManagementContextConfiguration.class]] with [Root bean: class [null]; scope=; abstract=false; lazyInit=false; autowireMode=3; dependencyCheck=0; autowireCandidate=true; primary=false; factoryBeanName=org.springframework.boot.actuate.autoconfigure.EndpointWebMvcAutoConfiguration; factoryMethodName=managementServletContext; initMethodName=null; destroyMethodName=(inferred); defined in class path resource [org/springframework/boot/actuate/autoconfigure/EndpointWebMvcAutoConfiguration.class]]
2016-07-22 18:45:34.418  INFO 4576 --- [main] trationDelegate$BeanPostProcessorChecker : Bean 'org.springframework.transaction.annotation.ProxyTransactionManagementConfiguration' of type [class org.springframework.transaction.annotation.ProxyTransactionManagementConfiguration$$EnhancerBySpringCGLIB$$63e97e96] is not eligible for getting processed by all BeanPostProcessors (for example: not eligible for auto-proxying)
2016-07-22 18:45:35.472  INFO 4576 --- [main] s.b.c.e.t.TomcatEmbeddedServletContainer : Tomcat initialized with port(s): 8080 (http)
2016-07-22 18:45:35.507  INFO 4576 --- [main] o.apache.catalina.core.StandardService   : Starting service Tomcat
2016-07-22 18:45:35.511  INFO 4576 --- [main] org.apache.catalina.core.StandardEngine  : Starting Servlet Engine: Apache Tomcat/8.0.32
2016-07-22 18:45:35.999  INFO 4576 --- [localhost-startStop-1] o.a.c.c.C.[Tomcat].[localhost].[/]       : Initializing Spring embedded WebApplicationContext
2016-07-22 18:45:36.000  INFO 4576 --- [localhost-startStop-1] o.s.web.context.ContextLoader            : Root WebApplicationContext: initialization completed in 5858 ms
2016-07-22 18:45:36.929  INFO 4576 --- [localhost-startStop-1] o.s.b.c.e.ServletRegistrationBean        : Mapping servlet: 'dispatcherServlet' to [/]
2016-07-22 18:45:36.940  INFO 4576 --- [localhost-startStop-1] o.s.b.c.embedded.FilterRegistrationBean  : Mapping filter: 'metricFilter' to: [/*]
2016-07-22 18:45:36.942  INFO 4576 --- [localhost-startStop-1] o.s.b.c.embedded.FilterRegistrationBean  : Mapping filter: 'characterEncodingFilter' to: [/*]
2016-07-22 18:45:36.943  INFO 4576 --- [localhost-startStop-1] o.s.b.c.embedded.FilterRegistrationBean  : Mapping filter: 'hiddenHttpMethodFilter' to: [/*]
2016-07-22 18:45:36.944  INFO 4576 --- [localhost-startStop-1] o.s.b.c.embedded.FilterRegistrationBean  : Mapping filter: 'httpPutFormContentFilter' to: [/*]
2016-07-22 18:45:36.946  INFO 4576 --- [localhost-startStop-1] o.s.b.c.embedded.FilterRegistrationBean  : Mapping filter: 'requestContextFilter' to: [/*]
2016-07-22 18:45:36.959  INFO 4576 --- [localhost-startStop-1] o.s.b.c.embedded.FilterRegistrationBean  : Mapping filter: 'webRequestLoggingFilter' to: [/*]
2016-07-22 18:45:36.959  INFO 4576 --- [localhost-startStop-1] o.s.b.c.embedded.FilterRegistrationBean  : Mapping filter: 'applicationContextIdFilter' to: [/*]
2016-07-22 18:45:37.514  INFO 4576 --- [main] j.LocalContainerEntityManagerFactoryBean : Building JPA container EntityManagerFactory for persistence unit 'default'
2016-07-22 18:45:37.538  INFO 4576 --- [main] o.hibernate.jpa.internal.util.LogHelper  : HHH000204: Processing PersistenceUnitInfo [
	name: default
	...]
2016-07-22 18:45:37.699  INFO 4576 --- [main] org.hibernate.Version                    : HHH000412: Hibernate Core {4.3.11.Final}
2016-07-22 18:45:37.703  INFO 4576 --- [main] org.hibernate.cfg.Environment            : HHH000206: hibernate.properties not found
2016-07-22 18:45:37.706  INFO 4576 --- [main] org.hibernate.cfg.Environment            : HHH000021: Bytecode provider name : javassist
2016-07-22 18:45:38.152  INFO 4576 --- [main] o.hibernate.annotations.common.Version   : HCANN000001: Hibernate Commons Annotations {4.0.5.Final}
2016-07-22 18:45:39.074  INFO 4576 --- [main] hsqldb.db.HSQLDB5601D00551.ENGINE        : checkpointClose start
2016-07-22 18:45:39.075  INFO 4576 --- [main] hsqldb.db.HSQLDB5601D00551.ENGINE        : checkpointClose synched
2016-07-22 18:45:39.091  INFO 4576 --- [main] hsqldb.db.HSQLDB5601D00551.ENGINE        : checkpointClose script done
2016-07-22 18:45:39.122  INFO 4576 --- [main] hsqldb.db.HSQLDB5601D00551.ENGINE        : checkpointClose end
2016-07-22 18:45:39.188  INFO 4576 --- [main] org.hibernate.dialect.Dialect            : HHH000400: Using dialect: org.hibernate.dialect.HSQLDialect
2016-07-22 18:45:39.397  INFO 4576 --- [main] o.h.h.i.ast.ASTQueryTranslatorFactory    : HHH000397: Using ASTQueryTranslatorFactory
2016-07-22 18:45:39.865  INFO 4576 --- [main] org.hibernate.tool.hbm2ddl.SchemaUpdate  : HHH000228: Running hbm2ddl schema update
2016-07-22 18:45:39.866  INFO 4576 --- [main] org.hibernate.tool.hbm2ddl.SchemaUpdate  : HHH000102: Fetching database metadata
2016-07-22 18:45:39.870  INFO 4576 --- [main] org.hibernate.tool.hbm2ddl.SchemaUpdate  : HHH000396: Updating schema
2016-07-22 18:45:39.950  INFO 4576 --- [main] o.hibernate.tool.hbm2ddl.TableMetadata   : HHH000261: Table found: PUBLIC.PUBLIC.CATEGORY
2016-07-22 18:45:39.951  INFO 4576 --- [main] o.hibernate.tool.hbm2ddl.TableMetadata   : HHH000037: Columns: [local_url, id, make]
2016-07-22 18:45:39.952  INFO 4576 --- [main] o.hibernate.tool.hbm2ddl.TableMetadata   : HHH000108: Foreign keys: []
2016-07-22 18:45:39.952  INFO 4576 --- [main] o.hibernate.tool.hbm2ddl.TableMetadata   : HHH000126: Indexes: [sys_idx_sys_pk_10095_10096]
2016-07-22 18:45:39.958  INFO 4576 --- [main] o.hibernate.tool.hbm2ddl.TableMetadata   : HHH000261: Table found: PUBLIC.PUBLIC.PET_USER
2016-07-22 18:45:39.959  INFO 4576 --- [main] o.hibernate.tool.hbm2ddl.TableMetadata   : HHH000037: Columns: [password, role, user_id, username]
2016-07-22 18:45:39.960  INFO 4576 --- [main] o.hibernate.tool.hbm2ddl.TableMetadata   : HHH000108: Foreign keys: []
2016-07-22 18:45:39.960  INFO 4576 --- [main] o.hibernate.tool.hbm2ddl.TableMetadata   : HHH000126: Indexes: [sys_idx_sys_pk_10092_10093]
2016-07-22 18:45:39.964  INFO 4576 --- [main] o.hibernate.tool.hbm2ddl.TableMetadata   : HHH000261: Table found: PUBLIC.PUBLIC.PETS
2016-07-22 18:45:39.965  INFO 4576 --- [main] o.hibernate.tool.hbm2ddl.TableMetadata   : HHH000037: Columns: [category_id, local_url, price, description, id, make]
2016-07-22 18:45:39.966  INFO 4576 --- [main] o.hibernate.tool.hbm2ddl.TableMetadata   : HHH000108: Foreign keys: []
2016-07-22 18:45:39.966  INFO 4576 --- [main] o.hibernate.tool.hbm2ddl.TableMetadata   : HHH000126: Indexes: [sys_idx_sys_pk_10098_10099]
2016-07-22 18:45:39.967  INFO 4576 --- [main] org.hibernate.tool.hbm2ddl.SchemaUpdate  : HHH000232: Schema update complete
2016-07-22 18:45:41.124  INFO 4576 --- [main] s.w.s.m.m.a.RequestMappingHandlerAdapter : Looking for @ControllerAdvice: org.springframework.boot.context.embedded.AnnotationConfigEmbeddedWebApplicationContext@7920ba90: startup date [Fri Jul 22 18:45:30 CEST 2016]; root of context hierarchy
2016-07-22 18:45:41.148  INFO 4576 --- [main] s.w.s.m.m.a.RequestMappingHandlerAdapter : Detected ResponseBodyAdvice bean in org.springframework.boot.actuate.autoconfigure.EndpointWebMvcHypermediaManagementContextConfiguration$ActuatorEndpointLinksAdvice
2016-07-22 18:45:41.281  INFO 4576 --- [main] s.w.s.m.m.a.RequestMappingHandlerMapping : Mapped "{[/category/findAllCategories],produces=[application/json]}" onto public java.util.List<io.swagger.entity.Category> io.swagger.restApi.CategoryApi.findCategories() throws java.lang.Exception
2016-07-22 18:45:41.287  INFO 4576 --- [main] s.w.s.m.m.a.RequestMappingHandlerMapping : Mapped "{[/pet/findPetCategoryById/{categoryId}],methods=[GET],produces=[application/json]}" onto public java.util.List<io.swagger.entity.Pet> io.swagger.restApi.PetApi.findPets(int) throws java.lang.Exception
2016-07-22 18:45:41.288  INFO 4576 --- [main] s.w.s.m.m.a.RequestMappingHandlerMapping : Mapped "{[/pet/deletePetById/{petId}],methods=[DELETE],produces=[application/json]}" onto public boolean io.swagger.restApi.PetApi.deletePet(java.lang.Long) throws java.lang.Exception
2016-07-22 18:45:41.289  INFO 4576 --- [main] s.w.s.m.m.a.RequestMappingHandlerMapping : Mapped "{[/pet/createPet/{make}/{categoryId}/{localUrl}/{description}/{price}],methods=[POST],produces=[application/json]}" onto public void io.swagger.restApi.PetApi.createPet(java.lang.String,long,java.lang.String,java.lang.String,java.lang.Long) throws java.lang.Exception
2016-07-22 18:45:41.294  INFO 4576 --- [main] s.w.s.m.m.a.RequestMappingHandlerMapping : Mapped "{[/error]}" onto public org.springframework.http.ResponseEntity<java.util.Map<java.lang.String, java.lang.Object>> org.springframework.boot.autoconfigure.web.BasicErrorController.error(javax.servlet.http.HttpServletRequest)
2016-07-22 18:45:41.294  INFO 4576 --- [main] s.w.s.m.m.a.RequestMappingHandlerMapping : Mapped "{[/error],produces=[text/html]}" onto public org.springframework.web.servlet.ModelAndView org.springframework.boot.autoconfigure.web.BasicErrorController.errorHtml(javax.servlet.http.HttpServletRequest,javax.servlet.http.HttpServletResponse)
2016-07-22 18:45:41.356  INFO 4576 --- [main] o.s.w.s.handler.SimpleUrlHandlerMapping  : Mapped URL path [/webjars/**] onto handler of type [class org.springframework.web.servlet.resource.ResourceHttpRequestHandler]
2016-07-22 18:45:41.357  INFO 4576 --- [main] o.s.w.s.handler.SimpleUrlHandlerMapping  : Mapped URL path [/**] onto handler of type [class org.springframework.web.servlet.resource.ResourceHttpRequestHandler]
2016-07-22 18:45:41.390  INFO 4576 --- [main] .m.m.a.ExceptionHandlerExceptionResolver : Detected ResponseBodyAdvice implementation in org.springframework.boot.actuate.autoconfigure.EndpointWebMvcHypermediaManagementContextConfiguration$ActuatorEndpointLinksAdvice
2016-07-22 18:45:41.428  INFO 4576 --- [main] o.s.w.s.handler.SimpleUrlHandlerMapping  : Mapped URL path [/**/favicon.ico] onto handler of type [class org.springframework.web.servlet.resource.ResourceHttpRequestHandler]
2016-07-22 18:45:42.530  INFO 4576 --- [main] o.s.b.a.e.mvc.EndpointHandlerMapping     : Mapped "{[/logfile || /logfile.json],methods=[GET || HEAD]}" onto public void org.springframework.boot.actuate.endpoint.mvc.LogFileMvcEndpoint.invoke(javax.servlet.http.HttpServletRequest,javax.servlet.http.HttpServletResponse) throws javax.servlet.ServletException,java.io.IOException
2016-07-22 18:45:42.534  INFO 4576 --- [main] o.s.b.a.e.mvc.EndpointHandlerMapping     : Mapped "{[/mappings || /mappings.json],methods=[GET],produces=[application/json]}" onto public java.lang.Object org.springframework.boot.actuate.endpoint.mvc.EndpointMvcAdapter.invoke()
2016-07-22 18:45:42.542  INFO 4576 --- [main] o.s.b.a.e.mvc.EndpointHandlerMapping     : Mapped "{[/info || /info.json],methods=[GET],produces=[application/json]}" onto public java.lang.Object org.springframework.boot.actuate.endpoint.mvc.EndpointMvcAdapter.invoke()
2016-07-22 18:45:42.543  INFO 4576 --- [main] o.s.b.a.e.mvc.EndpointHandlerMapping     : Mapped "{[/beans || /beans.json],methods=[GET],produces=[application/json]}" onto public java.lang.Object org.springframework.boot.actuate.endpoint.mvc.EndpointMvcAdapter.invoke()
2016-07-22 18:45:42.549  INFO 4576 --- [main] o.s.b.a.e.mvc.EndpointHandlerMapping     : Mapped "{[/env/{name:.*}],methods=[GET],produces=[application/json]}" onto public java.lang.Object org.springframework.boot.actuate.endpoint.mvc.EnvironmentMvcEndpoint.value(java.lang.String)
2016-07-22 18:45:42.552  INFO 4576 --- [main] o.s.b.a.e.mvc.EndpointHandlerMapping     : Mapped "{[/env || /env.json],methods=[GET],produces=[application/json]}" onto public java.lang.Object org.springframework.boot.actuate.endpoint.mvc.EndpointMvcAdapter.invoke()
2016-07-22 18:45:42.564  INFO 4576 --- [main] o.s.b.a.e.mvc.EndpointHandlerMapping     : Mapped "{[/dump || /dump.json],methods=[GET],produces=[application/json]}" onto public java.lang.Object org.springframework.boot.actuate.endpoint.mvc.EndpointMvcAdapter.invoke()
2016-07-22 18:45:42.571  INFO 4576 --- [main] o.s.b.a.e.mvc.EndpointHandlerMapping     : Mapped "{[/actuator || /actuator.json],produces=[application/json]}" onto public org.springframework.hateoas.ResourceSupport org.springframework.boot.actuate.endpoint.mvc.HalJsonMvcEndpoint.links()
2016-07-22 18:45:42.574  INFO 4576 --- [main] o.s.b.a.e.mvc.EndpointHandlerMapping     : Mapped "{[/health || /health.json],produces=[application/json]}" onto public java.lang.Object org.springframework.boot.actuate.endpoint.mvc.HealthMvcEndpoint.invoke(java.security.Principal)
2016-07-22 18:45:42.582  INFO 4576 --- [main] o.s.b.a.e.mvc.EndpointHandlerMapping     : Mapped "{[/trace || /trace.json],methods=[GET],produces=[application/json]}" onto public java.lang.Object org.springframework.boot.actuate.endpoint.mvc.EndpointMvcAdapter.invoke()
2016-07-22 18:45:42.586  INFO 4576 --- [main] o.s.b.a.e.mvc.EndpointHandlerMapping     : Mapped "{[/configprops || /configprops.json],methods=[GET],produces=[application/json]}" onto public java.lang.Object org.springframework.boot.actuate.endpoint.mvc.EndpointMvcAdapter.invoke()
2016-07-22 18:45:42.591  INFO 4576 --- [main] o.s.b.a.e.mvc.EndpointHandlerMapping     : Mapped "{[/autoconfig || /autoconfig.json],methods=[GET],produces=[application/json]}" onto public java.lang.Object org.springframework.boot.actuate.endpoint.mvc.EndpointMvcAdapter.invoke()
2016-07-22 18:45:42.595  INFO 4576 --- [main] o.s.b.a.e.mvc.EndpointHandlerMapping     : Mapped "{[/metrics/{name:.*}],methods=[GET],produces=[application/json]}" onto public java.lang.Object org.springframework.boot.actuate.endpoint.mvc.MetricsMvcEndpoint.value(java.lang.String)
2016-07-22 18:45:42.597  INFO 4576 --- [main] o.s.b.a.e.mvc.EndpointHandlerMapping     : Mapped "{[/metrics || /metrics.json],methods=[GET],produces=[application/json]}" onto public java.lang.Object org.springframework.boot.actuate.endpoint.mvc.EndpointMvcAdapter.invoke()
2016-07-22 18:45:43.153  INFO 4576 --- [main] o.s.j.e.a.AnnotationMBeanExporter        : Registering beans for JMX exposure on startup
2016-07-22 18:45:43.183  INFO 4576 --- [main] o.s.c.support.DefaultLifecycleProcessor  : Starting beans in phase 0
2016-07-22 18:45:43.504  INFO 4576 --- [main] s.b.c.e.t.TomcatEmbeddedServletContainer : Tomcat started on port(s): 8080 (http)
2016-07-22 18:45:43.516  INFO 4576 --- [main] io.swagger.Swagger2SpringBoot            : Started Swagger2SpringBoot in 14.309 seconds (JVM running for 15.908)
2016-07-22 18:45:43.637  INFO 4576 --- [http-nio-8080-exec-1] o.a.c.c.C.[Tomcat].[localhost].[/]       : Initializing Spring FrameworkServlet 'dispatcherServlet'
2016-07-22 18:45:43.637  INFO 4576 --- [http-nio-8080-exec-1] o.s.web.servlet.DispatcherServlet        : FrameworkServlet 'dispatcherServlet': initialization started
2016-07-22 18:45:43.674  INFO 4576 --- [http-nio-8080-exec-1] o.s.web.servlet.DispatcherServlet        : FrameworkServlet 'dispatcherServlet': initialization completed in 36 ms
2016-07-22 18:45:43.776  INFO 4576 --- [http-nio-8080-exec-1] io.swagger.restApi.CategoryApi           : info
2016-07-22 18:45:43.776 ERROR 4576 --- [http-nio-8080-exec-1] io.swagger.restApi.CategoryApi           : erprr
2016-07-22 18:48:20.795  INFO 4576 --- [RMI TCP Connection(2)-192.168.1.68] inMXBeanRegistrar$SpringApplicationAdmin : Application shutdown requested.
2016-07-22 18:48:20.796  INFO 4576 --- [RMI TCP Connection(2)-192.168.1.68] ationConfigEmbeddedWebApplicationContext : Closing org.springframework.boot.context.embedded.AnnotationConfigEmbeddedWebApplicationContext@7920ba90: startup date [Fri Jul 22 18:45:30 CEST 2016]; root of context hierarchy
2016-07-22 18:48:20.801  INFO 4576 --- [RMI TCP Connection(2)-192.168.1.68] o.s.c.support.DefaultLifecycleProcessor  : Stopping beans in phase 0
2016-07-22 18:48:20.819  INFO 4576 --- [RMI TCP Connection(2)-192.168.1.68] o.s.j.e.a.AnnotationMBeanExporter        : Unregistering JMX-exposed beans on shutdown
2016-07-22 18:48:20.826  INFO 4576 --- [RMI TCP Connection(2)-192.168.1.68] j.LocalContainerEntityManagerFactoryBean : Closing JPA EntityManagerFactory for persistence unit 'default'
